<?xml version="1.0" encoding="UTF-8"?>
<testng-results ignored="0" total="1" passed="1" failed="0" skipped="0">
  <reporter-output>
  </reporter-output>
  <suite started-at="2022-03-10T23:27:54 IST" name="Default suite" finished-at="2022-03-10T23:27:54 IST" duration-ms="118">
    <groups>
    </groups>
    <test started-at="2022-03-10T23:27:54 IST" name="Default test" finished-at="2022-03-10T23:27:54 IST" duration-ms="118">
      <class name="demoGit.Sample">
        <test-method signature="sample()[pri:0, instance:demoGit.Sample@41e1e210]" started-at="2022-03-10T23:27:54 IST" name="sample" finished-at="2022-03-10T23:27:54 IST" duration-ms="13" status="PASS">
          <reporter-output>
          </reporter-output>
        </test-method> <!-- sample -->
      </class> <!-- demoGit.Sample -->
    </test> <!-- Default test -->
  </suite> <!-- Default suite -->
</testng-results>
